<?xml version="1.0" encoding="UTF-8"?>
<!-- Generated by org.testng.reporters.JUnitReportReporter -->
<testsuite skipped="0" hostname="LAPTOP-M4LS9OIF" name="test.LoginTest" tests="1" failures="0" timestamp="20 Feb 2020 20:43:23 GMT" time="39.352" errors="0">
  <testcase name="loginTest" time="39.352" classname="test.LoginTest"/>
</testsuite> <!-- test.LoginTest -->
